14-Feb-2023-14:15:11 [CRAWLER] [R] Starting review scrap for 26660834
2023-02-14 14:15:12 [scrapy.utils.log] INFO: Scrapy 2.7.1 started (bot: tutorial)
2023-02-14 14:15:12 [scrapy.utils.log] INFO: Versions: lxml 4.9.2.0, libxml2 2.9.14, cssselect 1.2.0, parsel 1.7.0, w3lib 2.1.1, Twisted 22.10.0, Python 3.10.8 (main, Oct 13 2022, 10:17:43) [Clang 14.0.0 (clang-1400.0.29.102)], pyOpenSSL 23.0.0 (OpenSSL 3.0.7 1 Nov 2022), cryptography 39.0.0, Platform macOS-13.1-x86_64-i386-64bit
2023-02-14 14:15:12 [scrapy.crawler] INFO: Overridden settings:
{'AUTOTHROTTLE_ENABLED': True,
 'AUTOTHROTTLE_MAX_DELAY': 4,
 'AUTOTHROTTLE_START_DELAY': 1,
 'BOT_NAME': 'tutorial',
 'DUPEFILTER_CLASS': 'scrapy.dupefilters.BaseDupeFilter',
 'LOG_LEVEL': 'INFO',
 'NEWSPIDER_MODULE': 'tutorial.spiders',
 'RETRY_HTTP_CODES': [429, 403, 302],
 'SPIDER_MODULES': ['tutorial.spiders'],
 'TWISTED_REACTOR': 'twisted.internet.asyncioreactor.AsyncioSelectorReactor',
 'USER_AGENT': 'Mozilla/5.0 (iPad; CPU OS 12_2 like Mac OS X) '
               'AppleWebKit/605.1.15 (KHTML, like Gecko) Mobile/15E148'}
2023-02-14 14:15:12 [py.warnings] WARNING: /Users/stivending/Public/Local/Douban_crawler/.venv/lib/python3.10/site-packages/scrapy/utils/request.py:231: ScrapyDeprecationWarning: '2.6' is a deprecated value for the 'REQUEST_FINGERPRINTER_IMPLEMENTATION' setting.

It is also the default value. In other words, it is normal to get this warning if you have not defined a value for the 'REQUEST_FINGERPRINTER_IMPLEMENTATION' setting. This is so for backward compatibility reasons, but it will change in a future version of Scrapy.

See the documentation of the 'REQUEST_FINGERPRINTER_IMPLEMENTATION' setting for information on how to handle this deprecation.
  return cls(crawler)

2023-02-14 14:15:12 [scrapy.extensions.telnet] INFO: Telnet Password: 0655d61eefca8b2d
2023-02-14 14:15:12 [scrapy.middleware] INFO: Enabled extensions:
['scrapy.extensions.corestats.CoreStats',
 'scrapy.extensions.telnet.TelnetConsole',
 'scrapy.extensions.memusage.MemoryUsage',
 'scrapy.extensions.feedexport.FeedExporter',
 'scrapy.extensions.logstats.LogStats',
 'scrapy.extensions.throttle.AutoThrottle']
2023-02-14 14:15:12 [scrapy.middleware] INFO: Enabled downloader middlewares:
['scrapy.downloadermiddlewares.httpauth.HttpAuthMiddleware',
 'scrapy.downloadermiddlewares.downloadtimeout.DownloadTimeoutMiddleware',
 'scrapy.downloadermiddlewares.defaultheaders.DefaultHeadersMiddleware',
 'scrapy.downloadermiddlewares.useragent.UserAgentMiddleware',
 'scrapy.downloadermiddlewares.retry.RetryMiddleware',
 'scrapy.downloadermiddlewares.redirect.MetaRefreshMiddleware',
 'scrapy.downloadermiddlewares.httpcompression.HttpCompressionMiddleware',
 'scrapy.downloadermiddlewares.redirect.RedirectMiddleware',
 'scrapy.downloadermiddlewares.cookies.CookiesMiddleware',
 'scrapy.downloadermiddlewares.httpproxy.HttpProxyMiddleware',
 'scrapy.downloadermiddlewares.stats.DownloaderStats']
2023-02-14 14:15:12 [scrapy.middleware] INFO: Enabled spider middlewares:
['scrapy.spidermiddlewares.httperror.HttpErrorMiddleware',
 'scrapy.spidermiddlewares.offsite.OffsiteMiddleware',
 'scrapy.spidermiddlewares.referer.RefererMiddleware',
 'scrapy.spidermiddlewares.urllength.UrlLengthMiddleware',
 'scrapy.spidermiddlewares.depth.DepthMiddleware']
2023-02-14 14:15:12 [scrapy.middleware] INFO: Enabled item pipelines:
[]
2023-02-14 14:15:12 [scrapy.core.engine] INFO: Spider opened
2023-02-14 14:15:12 [scrapy.extensions.logstats] INFO: Crawled 0 pages (at 0 pages/min), scraped 0 items (at 0 items/min)
2023-02-14 14:15:12 [scrapy.extensions.telnet] INFO: Telnet console listening on 127.0.0.1:6023
2023-02-14 14:15:12 [scrapy-playwright] INFO: Starting download handler
2023-02-14 14:15:12 [scrapy-playwright] INFO: Starting download handler
2023-02-14 14:15:13 [scrapy-playwright] INFO: Launching 2 startup context(s)
2023-02-14 14:15:13 [scrapy-playwright] INFO: Launching 2 startup context(s)
2023-02-14 14:15:15 [scrapy.utils.signal] ERROR: Error caught on signal handler: <bound method ScrapyPlaywrightDownloadHandler._engine_started of <scrapy_playwright.handler.ScrapyPlaywrightDownloadHandler object at 0x108bb7f40>>
Traceback (most recent call last):
  File "/Users/stivending/Public/Local/Douban_crawler/.venv/lib/python3.10/site-packages/twisted/internet/defer.py", line 1065, in adapt
    extracted = result.result()
  File "/Users/stivending/Public/Local/Douban_crawler/.venv/lib/python3.10/site-packages/scrapy_playwright/handler.py", line 133, in _launch
    await asyncio.gather(
  File "/Users/stivending/Public/Local/Douban_crawler/.venv/lib/python3.10/site-packages/scrapy_playwright/handler.py", line 158, in _create_browser_context
    context = await self.browser_type.launch_persistent_context(**context_kwargs)
  File "/Users/stivending/Public/Local/Douban_crawler/.venv/lib/python3.10/site-packages/playwright/async_api/_generated.py", line 14584, in launch_persistent_context
    await self._impl_obj.launch_persistent_context(
  File "/Users/stivending/Public/Local/Douban_crawler/.venv/lib/python3.10/site-packages/playwright/_impl/_browser_type.py", line 155, in launch_persistent_context
    from_channel(await self._channel.send("launchPersistentContext", params)),
  File "/Users/stivending/Public/Local/Douban_crawler/.venv/lib/python3.10/site-packages/playwright/_impl/_connection.py", line 44, in send
    return await self._connection.wrap_api_call(
  File "/Users/stivending/Public/Local/Douban_crawler/.venv/lib/python3.10/site-packages/playwright/_impl/_connection.py", line 419, in wrap_api_call
    return await cb()
  File "/Users/stivending/Public/Local/Douban_crawler/.venv/lib/python3.10/site-packages/playwright/_impl/_connection.py", line 79, in inner_send
    result = next(iter(done)).result()
playwright._impl._api_types.Error: Browser closed.
==================== Browser output: ====================
<launching> /Users/stivending/Library/Caches/ms-playwright/chromium-1045/chrome-mac/Chromium.app/Contents/MacOS/Chromium --disable-field-trial-config --disable-background-networking --enable-features=NetworkService,NetworkServiceInProcess --disable-background-timer-throttling --disable-backgrounding-occluded-windows --disable-back-forward-cache --disable-breakpad --disable-client-side-phishing-detection --disable-component-extensions-with-background-pages --disable-component-update --no-default-browser-check --disable-default-apps --disable-dev-shm-usage --disable-extensions --disable-features=ImprovedCookieControls,LazyFrameLoading,GlobalMediaControls,DestroyProfileOnBrowserClose,MediaRouter,DialMediaRouteProvider,AcceptCHFrame,AutoExpandDetailsElement,CertificateTransparencyComponentUpdater,AvoidUnnecessaryBeforeUnloadCheckSync,Translate --allow-pre-commit-input --disable-hang-monitor --disable-ipc-flooding-protection --disable-popup-blocking --disable-prompt-on-repost --disable-renderer-backgrounding --disable-sync --force-color-profile=srgb --metrics-recording-only --no-first-run --enable-automation --password-store=basic --use-mock-keychain --no-service-autorun --export-tagged-pdf --enable-use-zoom-for-dsf=false --no-sandbox --user-data-dir=/Users/stivending/Library/Application Support/Chromium/Default --remote-debugging-pipe about:blank
<launched> pid=26665
[pid=26665][err] objc[26695]: Class WebSwapCGLLayer is implemented in both /System/Library/Frameworks/WebKit.framework/Versions/A/Frameworks/WebCore.framework/Versions/A/Frameworks/libANGLE-shared.dylib (0x7ffa594883b0) and /Users/stivending/Library/Caches/ms-playwright/chromium-1045/chrome-mac/Chromium.app/Contents/Frameworks/Chromium Framework.framework/Versions/110.0.5481.38/Libraries/libGLESv2.dylib (0x118e0e248). One of the two will be used. Which one is undefined.
[pid=26665][out] Opening in existing browser session.
=========================== logs ===========================
<launching> /Users/stivending/Library/Caches/ms-playwright/chromium-1045/chrome-mac/Chromium.app/Contents/MacOS/Chromium --disable-field-trial-config --disable-background-networking --enable-features=NetworkService,NetworkServiceInProcess --disable-background-timer-throttling --disable-backgrounding-occluded-windows --disable-back-forward-cache --disable-breakpad --disable-client-side-phishing-detection --disable-component-extensions-with-background-pages --disable-component-update --no-default-browser-check --disable-default-apps --disable-dev-shm-usage --disable-extensions --disable-features=ImprovedCookieControls,LazyFrameLoading,GlobalMediaControls,DestroyProfileOnBrowserClose,MediaRouter,DialMediaRouteProvider,AcceptCHFrame,AutoExpandDetailsElement,CertificateTransparencyComponentUpdater,AvoidUnnecessaryBeforeUnloadCheckSync,Translate --allow-pre-commit-input --disable-hang-monitor --disable-ipc-flooding-protection --disable-popup-blocking --disable-prompt-on-repost --disable-renderer-backgrounding --disable-sync --force-color-profile=srgb --metrics-recording-only --no-first-run --enable-automation --password-store=basic --use-mock-keychain --no-service-autorun --export-tagged-pdf --enable-use-zoom-for-dsf=false --no-sandbox --user-data-dir=/Users/stivending/Library/Application Support/Chromium/Default --remote-debugging-pipe about:blank
<launched> pid=26665
[pid=26665][err] objc[26695]: Class WebSwapCGLLayer is implemented in both /System/Library/Frameworks/WebKit.framework/Versions/A/Frameworks/WebCore.framework/Versions/A/Frameworks/libANGLE-shared.dylib (0x7ffa594883b0) and /Users/stivending/Library/Caches/ms-playwright/chromium-1045/chrome-mac/Chromium.app/Contents/Frameworks/Chromium Framework.framework/Versions/110.0.5481.38/Libraries/libGLESv2.dylib (0x118e0e248). One of the two will be used. Which one is undefined.
[pid=26665][out] Opening in existing browser session.
============================================================
2023-02-14 14:15:15 [scrapy.utils.signal] ERROR: Error caught on signal handler: <bound method ScrapyPlaywrightDownloadHandler._engine_started of <scrapy_playwright.handler.ScrapyPlaywrightDownloadHandler object at 0x1085b2380>>
Traceback (most recent call last):
  File "/Users/stivending/Public/Local/Douban_crawler/.venv/lib/python3.10/site-packages/twisted/internet/defer.py", line 1065, in adapt
    extracted = result.result()
  File "/Users/stivending/Public/Local/Douban_crawler/.venv/lib/python3.10/site-packages/scrapy_playwright/handler.py", line 133, in _launch
    await asyncio.gather(
  File "/Users/stivending/Public/Local/Douban_crawler/.venv/lib/python3.10/site-packages/scrapy_playwright/handler.py", line 158, in _create_browser_context
    context = await self.browser_type.launch_persistent_context(**context_kwargs)
  File "/Users/stivending/Public/Local/Douban_crawler/.venv/lib/python3.10/site-packages/playwright/async_api/_generated.py", line 14584, in launch_persistent_context
    await self._impl_obj.launch_persistent_context(
  File "/Users/stivending/Public/Local/Douban_crawler/.venv/lib/python3.10/site-packages/playwright/_impl/_browser_type.py", line 155, in launch_persistent_context
    from_channel(await self._channel.send("launchPersistentContext", params)),
  File "/Users/stivending/Public/Local/Douban_crawler/.venv/lib/python3.10/site-packages/playwright/_impl/_connection.py", line 44, in send
    return await self._connection.wrap_api_call(
  File "/Users/stivending/Public/Local/Douban_crawler/.venv/lib/python3.10/site-packages/playwright/_impl/_connection.py", line 419, in wrap_api_call
    return await cb()
  File "/Users/stivending/Public/Local/Douban_crawler/.venv/lib/python3.10/site-packages/playwright/_impl/_connection.py", line 79, in inner_send
    result = next(iter(done)).result()
playwright._impl._api_types.Error: Browser closed.
==================== Browser output: ====================
<launching> /Users/stivending/Library/Caches/ms-playwright/chromium-1045/chrome-mac/Chromium.app/Contents/MacOS/Chromium --disable-field-trial-config --disable-background-networking --enable-features=NetworkService,NetworkServiceInProcess --disable-background-timer-throttling --disable-backgrounding-occluded-windows --disable-back-forward-cache --disable-breakpad --disable-client-side-phishing-detection --disable-component-extensions-with-background-pages --disable-component-update --no-default-browser-check --disable-default-apps --disable-dev-shm-usage --disable-extensions --disable-features=ImprovedCookieControls,LazyFrameLoading,GlobalMediaControls,DestroyProfileOnBrowserClose,MediaRouter,DialMediaRouteProvider,AcceptCHFrame,AutoExpandDetailsElement,CertificateTransparencyComponentUpdater,AvoidUnnecessaryBeforeUnloadCheckSync,Translate --allow-pre-commit-input --disable-hang-monitor --disable-ipc-flooding-protection --disable-popup-blocking --disable-prompt-on-repost --disable-renderer-backgrounding --disable-sync --force-color-profile=srgb --metrics-recording-only --no-first-run --enable-automation --password-store=basic --use-mock-keychain --no-service-autorun --export-tagged-pdf --enable-use-zoom-for-dsf=false --no-sandbox --user-data-dir=/Users/stivending/Library/Application Support/Chromium/Default --remote-debugging-pipe about:blank
<launched> pid=26666
[pid=26666][err] objc[26698]: Class WebSwapCGLLayer is implemented in both /System/Library/Frameworks/WebKit.framework/Versions/A/Frameworks/WebCore.framework/Versions/A/Frameworks/libANGLE-shared.dylib (0x7ffa594883b0) and /Users/stivending/Library/Caches/ms-playwright/chromium-1045/chrome-mac/Chromium.app/Contents/Frameworks/Chromium Framework.framework/Versions/110.0.5481.38/Libraries/libGLESv2.dylib (0x10ee84248). One of the two will be used. Which one is undefined.
[pid=26666][out] Opening in existing browser session.
=========================== logs ===========================
<launching> /Users/stivending/Library/Caches/ms-playwright/chromium-1045/chrome-mac/Chromium.app/Contents/MacOS/Chromium --disable-field-trial-config --disable-background-networking --enable-features=NetworkService,NetworkServiceInProcess --disable-background-timer-throttling --disable-backgrounding-occluded-windows --disable-back-forward-cache --disable-breakpad --disable-client-side-phishing-detection --disable-component-extensions-with-background-pages --disable-component-update --no-default-browser-check --disable-default-apps --disable-dev-shm-usage --disable-extensions --disable-features=ImprovedCookieControls,LazyFrameLoading,GlobalMediaControls,DestroyProfileOnBrowserClose,MediaRouter,DialMediaRouteProvider,AcceptCHFrame,AutoExpandDetailsElement,CertificateTransparencyComponentUpdater,AvoidUnnecessaryBeforeUnloadCheckSync,Translate --allow-pre-commit-input --disable-hang-monitor --disable-ipc-flooding-protection --disable-popup-blocking --disable-prompt-on-repost --disable-renderer-backgrounding --disable-sync --force-color-profile=srgb --metrics-recording-only --no-first-run --enable-automation --password-store=basic --use-mock-keychain --no-service-autorun --export-tagged-pdf --enable-use-zoom-for-dsf=false --no-sandbox --user-data-dir=/Users/stivending/Library/Application Support/Chromium/Default --remote-debugging-pipe about:blank
<launched> pid=26666
[pid=26666][err] objc[26698]: Class WebSwapCGLLayer is implemented in both /System/Library/Frameworks/WebKit.framework/Versions/A/Frameworks/WebCore.framework/Versions/A/Frameworks/libANGLE-shared.dylib (0x7ffa594883b0) and /Users/stivending/Library/Caches/ms-playwright/chromium-1045/chrome-mac/Chromium.app/Contents/Frameworks/Chromium Framework.framework/Versions/110.0.5481.38/Libraries/libGLESv2.dylib (0x10ee84248). One of the two will be used. Which one is undefined.
[pid=26666][out] Opening in existing browser session.
============================================================
2023-02-14 14:15:17 [scrapy-playwright] INFO: Launching browser chromium
2023-02-14 14:15:18 [scrapy-playwright] INFO: Browser chromium launched
2023-02-14 14:15:49 [scrapy-playwright] WARNING: Closing page due to failed request: <GET https://movie.douban.com/subject/26660834/comments?start=0&limit=200&status=P&sort=time> (<class 'playwright._impl._api_types.TimeoutError'>)
2023-02-14 14:15:49 [scrapy.core.scraper] ERROR: Error downloading <GET https://movie.douban.com/subject/26660834/comments?start=0&limit=200&status=P&sort=time>
Traceback (most recent call last):
  File "/Users/stivending/Public/Local/Douban_crawler/.venv/lib/python3.10/site-packages/twisted/internet/defer.py", line 1693, in _inlineCallbacks
    result = context.run(
  File "/Users/stivending/Public/Local/Douban_crawler/.venv/lib/python3.10/site-packages/twisted/python/failure.py", line 518, in throwExceptionIntoGenerator
    return g.throw(self.type, self.value, self.tb)
  File "/Users/stivending/Public/Local/Douban_crawler/.venv/lib/python3.10/site-packages/scrapy/core/downloader/middleware.py", line 49, in process_request
    return (yield download_func(request=request, spider=spider))
  File "/Users/stivending/Public/Local/Douban_crawler/.venv/lib/python3.10/site-packages/twisted/internet/defer.py", line 1065, in adapt
    extracted = result.result()
  File "/Users/stivending/Public/Local/Douban_crawler/.venv/lib/python3.10/site-packages/scrapy_playwright/handler.py", line 293, in _download_request
    result = await self._download_request_with_page(request, page)
  File "/Users/stivending/Public/Local/Douban_crawler/.venv/lib/python3.10/site-packages/scrapy_playwright/handler.py", line 311, in _download_request_with_page
    response = await page.goto(url=request.url, **page_goto_kwargs)
  File "/Users/stivending/Public/Local/Douban_crawler/.venv/lib/python3.10/site-packages/playwright/async_api/_generated.py", line 9135, in goto
    await self._impl_obj.goto(
  File "/Users/stivending/Public/Local/Douban_crawler/.venv/lib/python3.10/site-packages/playwright/_impl/_page.py", line 491, in goto
    return await self._main_frame.goto(**locals_to_params(locals()))
  File "/Users/stivending/Public/Local/Douban_crawler/.venv/lib/python3.10/site-packages/playwright/_impl/_frame.py", line 147, in goto
    await self._channel.send("goto", locals_to_params(locals()))
  File "/Users/stivending/Public/Local/Douban_crawler/.venv/lib/python3.10/site-packages/playwright/_impl/_connection.py", line 44, in send
    return await self._connection.wrap_api_call(
  File "/Users/stivending/Public/Local/Douban_crawler/.venv/lib/python3.10/site-packages/playwright/_impl/_connection.py", line 419, in wrap_api_call
    return await cb()
  File "/Users/stivending/Public/Local/Douban_crawler/.venv/lib/python3.10/site-packages/playwright/_impl/_connection.py", line 79, in inner_send
    result = next(iter(done)).result()
playwright._impl._api_types.TimeoutError: Timeout 30000ms exceeded.
=========================== logs ===========================
navigating to "https://movie.douban.com/subject/26660834/comments?start=0&limit=200&status=P&sort=time", waiting until "load"
============================================================
2023-02-14 14:15:49 [scrapy.core.engine] INFO: Closing spider (finished)
2023-02-14 14:15:49 [scrapy.statscollectors] INFO: Dumping Scrapy stats:
{'downloader/exception_count': 1,
 'downloader/exception_type_count/playwright._impl._api_types.TimeoutError': 1,
 'downloader/request_bytes': 348,
 'downloader/request_count': 1,
 'downloader/request_method_count/GET': 1,
 'elapsed_time_seconds': 36.820582,
 'finish_reason': 'finished',
 'finish_time': datetime.datetime(2023, 2, 14, 6, 15, 49, 812377),
 'log_count/ERROR': 3,
 'log_count/INFO': 16,
 'log_count/WARNING': 2,
 'memusage/max': 68980736,
 'memusage/startup': 68980736,
 'playwright/context_count': 2,
 'playwright/context_count/max_concurrent': 1,
 'playwright/context_count/non-persistent': 1,
 'playwright/context_count/persistent': 1,
 'playwright/page_count': 1,
 'playwright/page_count/closed': 1,
 'playwright/page_count/max_concurrent': 1,
 'playwright/request_count': 231,
 'playwright/request_count/method/GET': 231,
 'playwright/request_count/navigation': 1,
 'playwright/request_count/resource_type/document': 1,
 'playwright/request_count/resource_type/image': 207,
 'playwright/request_count/resource_type/script': 14,
 'playwright/request_count/resource_type/stylesheet': 8,
 'playwright/request_count/resource_type/xhr': 1,
 'playwright/response_count': 230,
 'playwright/response_count/method/GET': 230,
 'playwright/response_count/resource_type/document': 1,
 'playwright/response_count/resource_type/image': 206,
 'playwright/response_count/resource_type/script': 14,
 'playwright/response_count/resource_type/stylesheet': 8,
 'playwright/response_count/resource_type/xhr': 1,
 'scheduler/dequeued': 1,
 'scheduler/dequeued/memory': 1,
 'scheduler/enqueued': 1,
 'scheduler/enqueued/memory': 1,
 'start_time': datetime.datetime(2023, 2, 14, 6, 15, 12, 991795)}
2023-02-14 14:15:49 [scrapy.core.engine] INFO: Spider closed (finished)
2023-02-14 14:15:49 [scrapy-playwright] INFO: Closing download handler
2023-02-14 14:15:50 [scrapy-playwright] INFO: Closing download handler
2023-02-14 14:15:50 [scrapy-playwright] INFO: Closing browser
14-Feb-2023-14:15:50 [CRAWLER] [R] Finished review scrap for 26660834
