14-Feb-2023-14:44:10 [CRAWLER] [R] Starting review scrap for 27030855
2023-02-14 14:44:12 [scrapy.utils.log] INFO: Scrapy 2.7.1 started (bot: tutorial)
2023-02-14 14:44:12 [scrapy.utils.log] INFO: Versions: lxml 4.9.2.0, libxml2 2.9.14, cssselect 1.2.0, parsel 1.7.0, w3lib 2.1.1, Twisted 22.10.0, Python 3.10.8 (main, Oct 13 2022, 10:17:43) [Clang 14.0.0 (clang-1400.0.29.102)], pyOpenSSL 23.0.0 (OpenSSL 3.0.7 1 Nov 2022), cryptography 39.0.0, Platform macOS-13.1-x86_64-i386-64bit
2023-02-14 14:44:12 [scrapy.crawler] INFO: Overridden settings:
{'AUTOTHROTTLE_ENABLED': True,
 'AUTOTHROTTLE_MAX_DELAY': 4,
 'AUTOTHROTTLE_START_DELAY': 1,
 'BOT_NAME': 'tutorial',
 'DUPEFILTER_CLASS': 'scrapy.dupefilters.BaseDupeFilter',
 'LOG_LEVEL': 'INFO',
 'NEWSPIDER_MODULE': 'tutorial.spiders',
 'RETRY_HTTP_CODES': [429, 403, 302],
 'SPIDER_MODULES': ['tutorial.spiders'],
 'TWISTED_REACTOR': 'twisted.internet.asyncioreactor.AsyncioSelectorReactor',
 'USER_AGENT': 'Mozilla/5.0 (iPad; CPU OS 12_2 like Mac OS X) '
               'AppleWebKit/605.1.15 (KHTML, like Gecko) Mobile/15E148'}
2023-02-14 14:44:12 [py.warnings] WARNING: /Users/stivending/Public/Local/Douban_crawler/.venv/lib/python3.10/site-packages/scrapy/utils/request.py:231: ScrapyDeprecationWarning: '2.6' is a deprecated value for the 'REQUEST_FINGERPRINTER_IMPLEMENTATION' setting.

It is also the default value. In other words, it is normal to get this warning if you have not defined a value for the 'REQUEST_FINGERPRINTER_IMPLEMENTATION' setting. This is so for backward compatibility reasons, but it will change in a future version of Scrapy.

See the documentation of the 'REQUEST_FINGERPRINTER_IMPLEMENTATION' setting for information on how to handle this deprecation.
  return cls(crawler)

2023-02-14 14:44:12 [scrapy.extensions.telnet] INFO: Telnet Password: db37107e69031c30
2023-02-14 14:44:12 [scrapy.middleware] INFO: Enabled extensions:
['scrapy.extensions.corestats.CoreStats',
 'scrapy.extensions.telnet.TelnetConsole',
 'scrapy.extensions.memusage.MemoryUsage',
 'scrapy.extensions.feedexport.FeedExporter',
 'scrapy.extensions.logstats.LogStats',
 'scrapy.extensions.throttle.AutoThrottle']
2023-02-14 14:44:12 [scrapy.middleware] INFO: Enabled downloader middlewares:
['scrapy.downloadermiddlewares.httpauth.HttpAuthMiddleware',
 'scrapy.downloadermiddlewares.downloadtimeout.DownloadTimeoutMiddleware',
 'scrapy.downloadermiddlewares.defaultheaders.DefaultHeadersMiddleware',
 'scrapy.downloadermiddlewares.useragent.UserAgentMiddleware',
 'scrapy.downloadermiddlewares.retry.RetryMiddleware',
 'scrapy.downloadermiddlewares.redirect.MetaRefreshMiddleware',
 'scrapy.downloadermiddlewares.httpcompression.HttpCompressionMiddleware',
 'scrapy.downloadermiddlewares.redirect.RedirectMiddleware',
 'scrapy.downloadermiddlewares.cookies.CookiesMiddleware',
 'scrapy.downloadermiddlewares.httpproxy.HttpProxyMiddleware',
 'scrapy.downloadermiddlewares.stats.DownloaderStats']
2023-02-14 14:44:12 [scrapy.middleware] INFO: Enabled spider middlewares:
['scrapy.spidermiddlewares.httperror.HttpErrorMiddleware',
 'scrapy.spidermiddlewares.offsite.OffsiteMiddleware',
 'scrapy.spidermiddlewares.referer.RefererMiddleware',
 'scrapy.spidermiddlewares.urllength.UrlLengthMiddleware',
 'scrapy.spidermiddlewares.depth.DepthMiddleware']
2023-02-14 14:44:12 [scrapy.middleware] INFO: Enabled item pipelines:
[]
2023-02-14 14:44:12 [scrapy.core.engine] INFO: Spider opened
2023-02-14 14:44:12 [scrapy.extensions.logstats] INFO: Crawled 0 pages (at 0 pages/min), scraped 0 items (at 0 items/min)
2023-02-14 14:44:12 [scrapy.extensions.telnet] INFO: Telnet console listening on 127.0.0.1:6023
2023-02-14 14:44:12 [scrapy-playwright] INFO: Starting download handler
2023-02-14 14:44:12 [scrapy-playwright] INFO: Starting download handler
2023-02-14 14:44:12 [scrapy-playwright] INFO: Launching 2 startup context(s)
2023-02-14 14:44:12 [scrapy-playwright] INFO: Launching 2 startup context(s)
2023-02-14 14:44:15 [scrapy.utils.signal] ERROR: Error caught on signal handler: <bound method ScrapyPlaywrightDownloadHandler._engine_started of <scrapy_playwright.handler.ScrapyPlaywrightDownloadHandler object at 0x104ee23e0>>
Traceback (most recent call last):
  File "/Users/stivending/Public/Local/Douban_crawler/.venv/lib/python3.10/site-packages/twisted/internet/defer.py", line 1065, in adapt
    extracted = result.result()
  File "/Users/stivending/Public/Local/Douban_crawler/.venv/lib/python3.10/site-packages/scrapy_playwright/handler.py", line 133, in _launch
    await asyncio.gather(
  File "/Users/stivending/Public/Local/Douban_crawler/.venv/lib/python3.10/site-packages/scrapy_playwright/handler.py", line 158, in _create_browser_context
    context = await self.browser_type.launch_persistent_context(**context_kwargs)
  File "/Users/stivending/Public/Local/Douban_crawler/.venv/lib/python3.10/site-packages/playwright/async_api/_generated.py", line 14584, in launch_persistent_context
    await self._impl_obj.launch_persistent_context(
  File "/Users/stivending/Public/Local/Douban_crawler/.venv/lib/python3.10/site-packages/playwright/_impl/_browser_type.py", line 155, in launch_persistent_context
    from_channel(await self._channel.send("launchPersistentContext", params)),
  File "/Users/stivending/Public/Local/Douban_crawler/.venv/lib/python3.10/site-packages/playwright/_impl/_connection.py", line 44, in send
    return await self._connection.wrap_api_call(
  File "/Users/stivending/Public/Local/Douban_crawler/.venv/lib/python3.10/site-packages/playwright/_impl/_connection.py", line 419, in wrap_api_call
    return await cb()
  File "/Users/stivending/Public/Local/Douban_crawler/.venv/lib/python3.10/site-packages/playwright/_impl/_connection.py", line 79, in inner_send
    result = next(iter(done)).result()
playwright._impl._api_types.Error: Browser closed.
==================== Browser output: ====================
<launching> /Users/stivending/Library/Caches/ms-playwright/chromium-1045/chrome-mac/Chromium.app/Contents/MacOS/Chromium --disable-field-trial-config --disable-background-networking --enable-features=NetworkService,NetworkServiceInProcess --disable-background-timer-throttling --disable-backgrounding-occluded-windows --disable-back-forward-cache --disable-breakpad --disable-client-side-phishing-detection --disable-component-extensions-with-background-pages --disable-component-update --no-default-browser-check --disable-default-apps --disable-dev-shm-usage --disable-extensions --disable-features=ImprovedCookieControls,LazyFrameLoading,GlobalMediaControls,DestroyProfileOnBrowserClose,MediaRouter,DialMediaRouteProvider,AcceptCHFrame,AutoExpandDetailsElement,CertificateTransparencyComponentUpdater,AvoidUnnecessaryBeforeUnloadCheckSync,Translate --allow-pre-commit-input --disable-hang-monitor --disable-ipc-flooding-protection --disable-popup-blocking --disable-prompt-on-repost --disable-renderer-backgrounding --disable-sync --force-color-profile=srgb --metrics-recording-only --no-first-run --enable-automation --password-store=basic --use-mock-keychain --no-service-autorun --export-tagged-pdf --enable-use-zoom-for-dsf=false --no-sandbox --user-data-dir=/Users/stivending/Library/Application Support/Chromium/Default --remote-debugging-pipe about:blank
<launched> pid=32499
[pid=32499][err] objc[32529]: Class WebSwapCGLLayer is implemented in both /System/Library/Frameworks/WebKit.framework/Versions/A/Frameworks/WebCore.framework/Versions/A/Frameworks/libANGLE-shared.dylib (0x7ffa594883b0) and /Users/stivending/Library/Caches/ms-playwright/chromium-1045/chrome-mac/Chromium.app/Contents/Frameworks/Chromium Framework.framework/Versions/110.0.5481.38/Libraries/libGLESv2.dylib (0x118bb4248). One of the two will be used. Which one is undefined.
[pid=32499][out] Opening in existing browser session.
[pid=32499] <process did exit: exitCode=0, signal=null>
[pid=32499] starting temporary directories cleanup
=========================== logs ===========================
<launching> /Users/stivending/Library/Caches/ms-playwright/chromium-1045/chrome-mac/Chromium.app/Contents/MacOS/Chromium --disable-field-trial-config --disable-background-networking --enable-features=NetworkService,NetworkServiceInProcess --disable-background-timer-throttling --disable-backgrounding-occluded-windows --disable-back-forward-cache --disable-breakpad --disable-client-side-phishing-detection --disable-component-extensions-with-background-pages --disable-component-update --no-default-browser-check --disable-default-apps --disable-dev-shm-usage --disable-extensions --disable-features=ImprovedCookieControls,LazyFrameLoading,GlobalMediaControls,DestroyProfileOnBrowserClose,MediaRouter,DialMediaRouteProvider,AcceptCHFrame,AutoExpandDetailsElement,CertificateTransparencyComponentUpdater,AvoidUnnecessaryBeforeUnloadCheckSync,Translate --allow-pre-commit-input --disable-hang-monitor --disable-ipc-flooding-protection --disable-popup-blocking --disable-prompt-on-repost --disable-renderer-backgrounding --disable-sync --force-color-profile=srgb --metrics-recording-only --no-first-run --enable-automation --password-store=basic --use-mock-keychain --no-service-autorun --export-tagged-pdf --enable-use-zoom-for-dsf=false --no-sandbox --user-data-dir=/Users/stivending/Library/Application Support/Chromium/Default --remote-debugging-pipe about:blank
<launched> pid=32499
[pid=32499][err] objc[32529]: Class WebSwapCGLLayer is implemented in both /System/Library/Frameworks/WebKit.framework/Versions/A/Frameworks/WebCore.framework/Versions/A/Frameworks/libANGLE-shared.dylib (0x7ffa594883b0) and /Users/stivending/Library/Caches/ms-playwright/chromium-1045/chrome-mac/Chromium.app/Contents/Frameworks/Chromium Framework.framework/Versions/110.0.5481.38/Libraries/libGLESv2.dylib (0x118bb4248). One of the two will be used. Which one is undefined.
[pid=32499][out] Opening in existing browser session.
[pid=32499] <process did exit: exitCode=0, signal=null>
[pid=32499] starting temporary directories cleanup
============================================================
2023-02-14 14:44:15 [scrapy.utils.signal] ERROR: Error caught on signal handler: <bound method ScrapyPlaywrightDownloadHandler._engine_started of <scrapy_playwright.handler.ScrapyPlaywrightDownloadHandler object at 0x105457f40>>
Traceback (most recent call last):
  File "/Users/stivending/Public/Local/Douban_crawler/.venv/lib/python3.10/site-packages/twisted/internet/defer.py", line 1065, in adapt
    extracted = result.result()
  File "/Users/stivending/Public/Local/Douban_crawler/.venv/lib/python3.10/site-packages/scrapy_playwright/handler.py", line 133, in _launch
    await asyncio.gather(
  File "/Users/stivending/Public/Local/Douban_crawler/.venv/lib/python3.10/site-packages/scrapy_playwright/handler.py", line 158, in _create_browser_context
    context = await self.browser_type.launch_persistent_context(**context_kwargs)
  File "/Users/stivending/Public/Local/Douban_crawler/.venv/lib/python3.10/site-packages/playwright/async_api/_generated.py", line 14584, in launch_persistent_context
    await self._impl_obj.launch_persistent_context(
  File "/Users/stivending/Public/Local/Douban_crawler/.venv/lib/python3.10/site-packages/playwright/_impl/_browser_type.py", line 155, in launch_persistent_context
    from_channel(await self._channel.send("launchPersistentContext", params)),
  File "/Users/stivending/Public/Local/Douban_crawler/.venv/lib/python3.10/site-packages/playwright/_impl/_connection.py", line 44, in send
    return await self._connection.wrap_api_call(
  File "/Users/stivending/Public/Local/Douban_crawler/.venv/lib/python3.10/site-packages/playwright/_impl/_connection.py", line 419, in wrap_api_call
    return await cb()
  File "/Users/stivending/Public/Local/Douban_crawler/.venv/lib/python3.10/site-packages/playwright/_impl/_connection.py", line 79, in inner_send
    result = next(iter(done)).result()
playwright._impl._api_types.Error: Browser closed.
==================== Browser output: ====================
<launching> /Users/stivending/Library/Caches/ms-playwright/chromium-1045/chrome-mac/Chromium.app/Contents/MacOS/Chromium --disable-field-trial-config --disable-background-networking --enable-features=NetworkService,NetworkServiceInProcess --disable-background-timer-throttling --disable-backgrounding-occluded-windows --disable-back-forward-cache --disable-breakpad --disable-client-side-phishing-detection --disable-component-extensions-with-background-pages --disable-component-update --no-default-browser-check --disable-default-apps --disable-dev-shm-usage --disable-extensions --disable-features=ImprovedCookieControls,LazyFrameLoading,GlobalMediaControls,DestroyProfileOnBrowserClose,MediaRouter,DialMediaRouteProvider,AcceptCHFrame,AutoExpandDetailsElement,CertificateTransparencyComponentUpdater,AvoidUnnecessaryBeforeUnloadCheckSync,Translate --allow-pre-commit-input --disable-hang-monitor --disable-ipc-flooding-protection --disable-popup-blocking --disable-prompt-on-repost --disable-renderer-backgrounding --disable-sync --force-color-profile=srgb --metrics-recording-only --no-first-run --enable-automation --password-store=basic --use-mock-keychain --no-service-autorun --export-tagged-pdf --enable-use-zoom-for-dsf=false --no-sandbox --user-data-dir=/Users/stivending/Library/Application Support/Chromium/Default --remote-debugging-pipe about:blank
<launched> pid=32500
[pid=32500][err] objc[32530]: Class WebSwapCGLLayer is implemented in both /System/Library/Frameworks/WebKit.framework/Versions/A/Frameworks/WebCore.framework/Versions/A/Frameworks/libANGLE-shared.dylib (0x7ffa594883b0) and /Users/stivending/Library/Caches/ms-playwright/chromium-1045/chrome-mac/Chromium.app/Contents/Frameworks/Chromium Framework.framework/Versions/110.0.5481.38/Libraries/libGLESv2.dylib (0x109064248). One of the two will be used. Which one is undefined.
[pid=32500][out] Opening in existing browser session.
=========================== logs ===========================
<launching> /Users/stivending/Library/Caches/ms-playwright/chromium-1045/chrome-mac/Chromium.app/Contents/MacOS/Chromium --disable-field-trial-config --disable-background-networking --enable-features=NetworkService,NetworkServiceInProcess --disable-background-timer-throttling --disable-backgrounding-occluded-windows --disable-back-forward-cache --disable-breakpad --disable-client-side-phishing-detection --disable-component-extensions-with-background-pages --disable-component-update --no-default-browser-check --disable-default-apps --disable-dev-shm-usage --disable-extensions --disable-features=ImprovedCookieControls,LazyFrameLoading,GlobalMediaControls,DestroyProfileOnBrowserClose,MediaRouter,DialMediaRouteProvider,AcceptCHFrame,AutoExpandDetailsElement,CertificateTransparencyComponentUpdater,AvoidUnnecessaryBeforeUnloadCheckSync,Translate --allow-pre-commit-input --disable-hang-monitor --disable-ipc-flooding-protection --disable-popup-blocking --disable-prompt-on-repost --disable-renderer-backgrounding --disable-sync --force-color-profile=srgb --metrics-recording-only --no-first-run --enable-automation --password-store=basic --use-mock-keychain --no-service-autorun --export-tagged-pdf --enable-use-zoom-for-dsf=false --no-sandbox --user-data-dir=/Users/stivending/Library/Application Support/Chromium/Default --remote-debugging-pipe about:blank
<launched> pid=32500
[pid=32500][err] objc[32530]: Class WebSwapCGLLayer is implemented in both /System/Library/Frameworks/WebKit.framework/Versions/A/Frameworks/WebCore.framework/Versions/A/Frameworks/libANGLE-shared.dylib (0x7ffa594883b0) and /Users/stivending/Library/Caches/ms-playwright/chromium-1045/chrome-mac/Chromium.app/Contents/Frameworks/Chromium Framework.framework/Versions/110.0.5481.38/Libraries/libGLESv2.dylib (0x109064248). One of the two will be used. Which one is undefined.
[pid=32500][out] Opening in existing browser session.
============================================================
2023-02-14 14:44:21 [scrapy.spidermiddlewares.httperror] INFO: Ignoring response <404 https://movie.douban.com/subject/27030855/comments?start=200&limit=200&status=P&sort=time>: HTTP status code is not handled or not allowed
2023-02-14 14:44:21 [scrapy.core.engine] INFO: Closing spider (finished)
2023-02-14 14:44:21 [scrapy.extensions.feedexport] INFO: Stored csv feed (27 items) in: ./review_latest/663_27030855.csv
2023-02-14 14:44:21 [scrapy.statscollectors] INFO: Dumping Scrapy stats:
{'downloader/request_bytes': 813,
 'downloader/request_count': 2,
 'downloader/request_method_count/GET': 2,
 'downloader/response_bytes': 99917,
 'downloader/response_count': 2,
 'downloader/response_status_count/200': 1,
 'downloader/response_status_count/404': 1,
 'elapsed_time_seconds': 9.288048,
 'feedexport/success_count/FileFeedStorage': 1,
 'finish_reason': 'finished',
 'finish_time': datetime.datetime(2023, 2, 14, 6, 44, 21, 732293),
 'httperror/response_ignored_count': 1,
 'httperror/response_ignored_status_count/404': 1,
 'item_scraped_count': 27,
 'log_count/ERROR': 2,
 'log_count/INFO': 16,
 'log_count/WARNING': 1,
 'memusage/max': 69066752,
 'memusage/startup': 69066752,
 'playwright/context_count': 1,
 'playwright/context_count/max_concurrent': 1,
 'playwright/context_count/persistent': 1,
 'playwright/page_count': 2,
 'playwright/page_count/closed': 2,
 'playwright/page_count/max_concurrent': 5,
 'playwright/request_count': 80,
 'playwright/request_count/method/GET': 80,
 'playwright/request_count/navigation': 2,
 'playwright/request_count/resource_type/document': 2,
 'playwright/request_count/resource_type/eventsource': 2,
 'playwright/request_count/resource_type/image': 39,
 'playwright/request_count/resource_type/script': 27,
 'playwright/request_count/resource_type/stylesheet': 10,
 'playwright/response_count': 74,
 'playwright/response_count/method/GET': 74,
 'playwright/response_count/resource_type/document': 2,
 'playwright/response_count/resource_type/image': 39,
 'playwright/response_count/resource_type/script': 23,
 'playwright/response_count/resource_type/stylesheet': 10,
 'request_depth_max': 1,
 'response_received_count': 2,
 'scheduler/dequeued': 2,
 'scheduler/dequeued/memory': 2,
 'scheduler/enqueued': 2,
 'scheduler/enqueued/memory': 2,
 'start_time': datetime.datetime(2023, 2, 14, 6, 44, 12, 444245)}
2023-02-14 14:44:21 [scrapy.core.engine] INFO: Spider closed (finished)
2023-02-14 14:44:21 [scrapy-playwright] INFO: Closing download handler
2023-02-14 14:44:21 [scrapy-playwright] INFO: Closing download handler
14-Feb-2023-14:44:22 [CRAWLER] [R] Finished review scrap for 27030855
